<?xml version="1.0" encoding="UTF-8"?>
<testng-results ignored="0" total="1" passed="1" failed="0" skipped="0">
  <reporter-output>
  </reporter-output>
  <suite started-at="2021-07-27T19:53:41 IST" name="Default suite" finished-at="2021-07-27T19:53:54 IST" duration-ms="13254">
    <groups>
    </groups>
    <test started-at="2021-07-27T19:53:41 IST" name="Default test" finished-at="2021-07-27T19:53:54 IST" duration-ms="13254">
      <class name="com.crm.hubspot.TestScript.TestLoginToTheApplication">
        <test-method is-config="true" signature="setup()[pri:0, instance:com.crm.hubspot.TestScript.TestLoginToTheApplication@55b53d44]" started-at="2021-07-27T19:53:38 IST" name="setup" finished-at="2021-07-27T19:53:41 IST" duration-ms="2461" status="PASS">
          <reporter-output>
          </reporter-output>
        </test-method> <!-- setup -->
        <test-method is-config="true" signature="navigateToBrowser()[pri:0, instance:com.crm.hubspot.TestScript.TestLoginToTheApplication@55b53d44]" started-at="2021-07-27T19:53:41 IST" name="navigateToBrowser" finished-at="2021-07-27T19:53:46 IST" duration-ms="4943" status="PASS">
          <reporter-output>
          </reporter-output>
        </test-method> <!-- navigateToBrowser -->
        <test-method is-config="true" signature="init()[pri:0, instance:com.crm.hubspot.TestScript.TestLoginToTheApplication@55b53d44]" started-at="2021-07-27T19:53:46 IST" name="init" finished-at="2021-07-27T19:53:46 IST" duration-ms="1" status="PASS">
          <reporter-output>
          </reporter-output>
        </test-method> <!-- init -->
        <test-method signature="loginToTheApplication()[pri:0, instance:com.crm.hubspot.TestScript.TestLoginToTheApplication@55b53d44]" started-at="2021-07-27T19:53:46 IST" name="loginToTheApplication" finished-at="2021-07-27T19:53:54 IST" duration-ms="8275" status="PASS">
          <reporter-output>
          </reporter-output>
        </test-method> <!-- loginToTheApplication -->
      </class> <!-- com.crm.hubspot.TestScript.TestLoginToTheApplication -->
    </test> <!-- Default test -->
  </suite> <!-- Default suite -->
</testng-results>
